2025-08-16 06:25:25,287 - INFO - VIDEO_LIVENESS_REQUEST_START - session_id: test_session_000, challenge_type: head_movement, file_size: 6283627
2025-08-16 06:25:26,459 - INFO - VIDEO_FILE_RECEIVE_COMPLETE - session_id: test_session_000, duration: 1.172s, size: 6283627 bytes
2025-08-16 06:25:26,510 - INFO - VIDEO_PROCESSING_START - session_id: test_session_000, challenge_type: head_movement
2025-08-16 06:25:33,683 - INFO - VIDEO_PROCESSING_COMPLETE - session_id: test_session_000, duration: 7.173s, success: True
2025-08-16 06:25:33,703 - INFO - VIDEO_LIVENESS_COMPLETE - session_id: test_session_000, result: pass, total_time: 8.440s, processing_time: 7.173s, video_receive_time: 1.172s, file_save_time: 0.031s
2025-08-16 06:26:42,287 - INFO - VIDEO_LIVENESS_REQUEST_START - session_id: test_session_001, challenge_type: head_movement, file_size: 8320253
2025-08-16 06:26:43,688 - INFO - VIDEO_FILE_RECEIVE_COMPLETE - session_id: test_session_001, duration: 1.401s, size: 8320253 bytes
2025-08-16 06:26:43,770 - INFO - VIDEO_PROCESSING_START - session_id: test_session_001, challenge_type: head_movement
2025-08-16 06:26:49,487 - INFO - VIDEO_PROCESSING_COMPLETE - session_id: test_session_001, duration: 5.717s, success: True
2025-08-16 06:26:49,526 - INFO - VIDEO_LIVENESS_COMPLETE - session_id: test_session_001, result: pass, total_time: 7.174s, processing_time: 5.717s, video_receive_time: 1.401s, file_save_time: 0.045s
2025-08-16 06:28:54,287 - INFO - VIDEO_LIVENESS_REQUEST_START - session_id: test_session_002, challenge_type: head_movement, file_size: 9105567
2025-08-16 06:28:55,436 - INFO - VIDEO_FILE_RECEIVE_COMPLETE - session_id: test_session_002, duration: 1.149s, size: 9105567 bytes
2025-08-16 06:28:55,517 - INFO - VIDEO_PROCESSING_START - session_id: test_session_002, challenge_type: head_movement
2025-08-16 06:28:59,423 - INFO - VIDEO_PROCESSING_COMPLETE - session_id: test_session_002, duration: 3.906s, success: True
2025-08-16 06:28:59,468 - INFO - VIDEO_LIVENESS_COMPLETE - session_id: test_session_002, result: pass, total_time: 5.137s, processing_time: 3.906s, video_receive_time: 1.149s, file_save_time: 0.037s
2025-08-16 06:31:18,287 - INFO - VIDEO_LIVENESS_REQUEST_START - session_id: test_session_003, challenge_type: head_movement, file_size: 3121975
2025-08-16 06:31:20,091 - INFO - VIDEO_FILE_RECEIVE_COMPLETE - session_id: test_session_003, duration: 1.804s, size: 3121975 bytes
2025-08-16 06:31:20,176 - INFO - VIDEO_PROCESSING_START - session_id: test_session_003, challenge_type: head_movement
2025-08-16 06:31:27,411 - INFO - VIDEO_PROCESSING_COMPLETE - session_id: test_session_003, duration: 7.235s, success: False
2025-08-16 06:31:27,475 - WARNING - VIDEO_LIVENESS_FAILED - session_id: test_session_003, total_time: 9.094s, processing_time: 7.235s, error: Video processing failed
2025-08-16 06:32:58,287 - INFO - VIDEO_LIVENESS_REQUEST_START - session_id: test_session_004, challenge_type: head_movement, file_size: 5053949
2025-08-16 06:32:58,815 - INFO - VIDEO_FILE_RECEIVE_COMPLETE - session_id: test_session_004, duration: 0.528s, size: 5053949 bytes
2025-08-16 06:32:58,909 - INFO - VIDEO_PROCESSING_START - session_id: test_session_004, challenge_type: head_movement
2025-08-16 06:33:01,754 - INFO - VIDEO_PROCESSING_COMPLETE - session_id: test_session_004, duration: 2.846s, success: True
2025-08-16 06:33:01,813 - INFO - VIDEO_LIVENESS_COMPLETE - session_id: test_session_004, result: pass, total_time: 3.410s, processing_time: 2.846s, video_receive_time: 0.528s, file_save_time: 0.035s
2025-08-16 06:34:41,287 - INFO - VIDEO_LIVENESS_REQUEST_START - session_id: test_session_005, challenge_type: head_movement, file_size: 4124692
2025-08-16 06:34:42,594 - INFO - VIDEO_FILE_RECEIVE_COMPLETE - session_id: test_session_005, duration: 1.307s, size: 4124692 bytes
2025-08-16 06:34:42,677 - INFO - VIDEO_PROCESSING_START - session_id: test_session_005, challenge_type: head_movement
2025-08-16 06:34:47,138 - INFO - VIDEO_PROCESSING_COMPLETE - session_id: test_session_005, duration: 4.461s, success: True
2025-08-16 06:34:47,148 - INFO - VIDEO_LIVENESS_COMPLETE - session_id: test_session_005, result: pass, total_time: 5.840s, processing_time: 4.461s, video_receive_time: 1.307s, file_save_time: 0.011s
2025-08-16 06:37:09,287 - INFO - VIDEO_LIVENESS_REQUEST_START - session_id: test_session_006, challenge_type: head_movement, file_size: 6633852
2025-08-16 06:37:11,064 - INFO - VIDEO_FILE_RECEIVE_COMPLETE - session_id: test_session_006, duration: 1.777s, size: 6633852 bytes
2025-08-16 06:37:11,096 - INFO - VIDEO_PROCESSING_START - session_id: test_session_006, challenge_type: head_movement
2025-08-16 06:37:14,848 - INFO - VIDEO_PROCESSING_COMPLETE - session_id: test_session_006, duration: 3.752s, success: True
2025-08-16 06:37:14,923 - INFO - VIDEO_LIVENESS_COMPLETE - session_id: test_session_006, result: pass, total_time: 5.564s, processing_time: 3.752s, video_receive_time: 1.777s, file_save_time: 0.027s
2025-08-16 06:39:08,287 - INFO - VIDEO_LIVENESS_REQUEST_START - session_id: test_session_007, challenge_type: head_movement, file_size: 1085268
2025-08-16 06:39:09,216 - INFO - VIDEO_FILE_RECEIVE_COMPLETE - session_id: test_session_007, duration: 0.929s, size: 1085268 bytes
2025-08-16 06:39:09,233 - INFO - VIDEO_PROCESSING_START - session_id: test_session_007, challenge_type: head_movement
2025-08-16 06:39:10,802 - INFO - VIDEO_PROCESSING_COMPLETE - session_id: test_session_007, duration: 1.569s, success: True
2025-08-16 06:39:10,899 - INFO - VIDEO_LIVENESS_COMPLETE - session_id: test_session_007, result: pass, total_time: 2.582s, processing_time: 1.569s, video_receive_time: 0.929s, file_save_time: 0.027s
2025-08-16 06:41:20,287 - INFO - VIDEO_LIVENESS_REQUEST_START - session_id: test_session_008, challenge_type: head_movement, file_size: 5506354
2025-08-16 06:41:21,379 - INFO - VIDEO_FILE_RECEIVE_COMPLETE - session_id: test_session_008, duration: 1.092s, size: 5506354 bytes
2025-08-16 06:41:21,475 - INFO - VIDEO_PROCESSING_START - session_id: test_session_008, challenge_type: head_movement
2025-08-16 06:41:27,845 - INFO - VIDEO_PROCESSING_COMPLETE - session_id: test_session_008, duration: 6.370s, success: True
2025-08-16 06:41:27,913 - INFO - VIDEO_LIVENESS_COMPLETE - session_id: test_session_008, result: pass, total_time: 7.491s, processing_time: 6.370s, video_receive_time: 1.092s, file_save_time: 0.041s
2025-08-16 06:43:23,287 - INFO - VIDEO_LIVENESS_REQUEST_START - session_id: test_session_009, challenge_type: head_movement, file_size: 3030690
2025-08-16 06:43:24,033 - INFO - VIDEO_FILE_RECEIVE_COMPLETE - session_id: test_session_009, duration: 0.746s, size: 3030690 bytes
2025-08-16 06:43:24,068 - INFO - VIDEO_PROCESSING_START - session_id: test_session_009, challenge_type: head_movement
2025-08-16 06:43:27,576 - INFO - VIDEO_PROCESSING_COMPLETE - session_id: test_session_009, duration: 3.508s, success: True
2025-08-16 06:43:27,656 - INFO - VIDEO_LIVENESS_COMPLETE - session_id: test_session_009, result: pass, total_time: 4.291s, processing_time: 3.508s, video_receive_time: 0.746s, file_save_time: 0.025s
2025-08-16 06:45:09,287 - INFO - VIDEO_LIVENESS_REQUEST_START - session_id: test_session_010, challenge_type: head_movement, file_size: 2636568
2025-08-16 06:45:09,905 - INFO - VIDEO_FILE_RECEIVE_COMPLETE - session_id: test_session_010, duration: 0.619s, size: 2636568 bytes
2025-08-16 06:45:09,994 - INFO - VIDEO_PROCESSING_START - session_id: test_session_010, challenge_type: head_movement
2025-08-16 06:45:16,828 - INFO - VIDEO_PROCESSING_COMPLETE - session_id: test_session_010, duration: 6.834s, success: True
2025-08-16 06:45:16,857 - INFO - VIDEO_LIVENESS_COMPLETE - session_id: test_session_010, result: pass, total_time: 7.512s, processing_time: 6.834s, video_receive_time: 0.619s, file_save_time: 0.026s
2025-08-16 06:46:58,287 - INFO - VIDEO_LIVENESS_REQUEST_START - session_id: test_session_011, challenge_type: head_movement, file_size: 2496935
2025-08-16 06:46:58,577 - INFO - VIDEO_FILE_RECEIVE_COMPLETE - session_id: test_session_011, duration: 0.290s, size: 2496935 bytes
2025-08-16 06:46:58,642 - INFO - VIDEO_PROCESSING_START - session_id: test_session_011, challenge_type: head_movement
2025-08-16 06:47:00,053 - INFO - VIDEO_PROCESSING_COMPLETE - session_id: test_session_011, duration: 1.411s, success: True
2025-08-16 06:47:00,093 - INFO - VIDEO_LIVENESS_COMPLETE - session_id: test_session_011, result: pass, total_time: 1.757s, processing_time: 1.411s, video_receive_time: 0.290s, file_save_time: 0.014s
2025-08-16 06:49:24,287 - INFO - VIDEO_LIVENESS_REQUEST_START - session_id: test_session_012, challenge_type: head_movement, file_size: 3446340
2025-08-16 06:49:25,768 - INFO - VIDEO_FILE_RECEIVE_COMPLETE - session_id: test_session_012, duration: 1.482s, size: 3446340 bytes
2025-08-16 06:49:25,781 - INFO - VIDEO_PROCESSING_START - session_id: test_session_012, challenge_type: head_movement
2025-08-16 06:49:28,446 - INFO - VIDEO_PROCESSING_COMPLETE - session_id: test_session_012, duration: 2.665s, success: True
2025-08-16 06:49:28,478 - INFO - VIDEO_LIVENESS_COMPLETE - session_id: test_session_012, result: pass, total_time: 4.187s, processing_time: 2.665s, video_receive_time: 1.482s, file_save_time: 0.046s
2025-08-16 06:50:34,287 - INFO - VIDEO_LIVENESS_REQUEST_START - session_id: test_session_013, challenge_type: head_movement, file_size: 8959727
2025-08-16 06:50:35,330 - INFO - VIDEO_FILE_RECEIVE_COMPLETE - session_id: test_session_013, duration: 1.043s, size: 8959727 bytes
2025-08-16 06:50:35,352 - INFO - VIDEO_PROCESSING_START - session_id: test_session_013, challenge_type: head_movement
2025-08-16 06:50:40,116 - INFO - VIDEO_PROCESSING_COMPLETE - session_id: test_session_013, duration: 4.764s, success: True
2025-08-16 06:50:40,147 - INFO - VIDEO_LIVENESS_COMPLETE - session_id: test_session_013, result: pass, total_time: 5.892s, processing_time: 4.764s, video_receive_time: 1.043s, file_save_time: 0.020s
2025-08-16 06:53:04,287 - INFO - VIDEO_LIVENESS_REQUEST_START - session_id: test_session_014, challenge_type: head_movement, file_size: 9713268
2025-08-16 06:53:04,533 - INFO - VIDEO_FILE_RECEIVE_COMPLETE - session_id: test_session_014, duration: 0.246s, size: 9713268 bytes
2025-08-16 06:53:04,563 - INFO - VIDEO_PROCESSING_START - session_id: test_session_014, challenge_type: head_movement
2025-08-16 06:53:10,773 - INFO - VIDEO_PROCESSING_COMPLETE - session_id: test_session_014, duration: 6.210s, success: True
2025-08-16 06:53:10,793 - INFO - VIDEO_LIVENESS_COMPLETE - session_id: test_session_014, result: pass, total_time: 6.488s, processing_time: 6.210s, video_receive_time: 0.246s, file_save_time: 0.028s
2025-08-16 06:54:38,287 - INFO - VIDEO_LIVENESS_REQUEST_START - session_id: test_session_015, challenge_type: head_movement, file_size: 4424181
2025-08-16 06:54:39,961 - INFO - VIDEO_FILE_RECEIVE_COMPLETE - session_id: test_session_015, duration: 1.674s, size: 4424181 bytes
2025-08-16 06:54:40,058 - INFO - VIDEO_PROCESSING_START - session_id: test_session_015, challenge_type: head_movement
2025-08-16 06:54:46,167 - INFO - VIDEO_PROCESSING_COMPLETE - session_id: test_session_015, duration: 6.109s, success: True
2025-08-16 06:54:46,198 - INFO - VIDEO_LIVENESS_COMPLETE - session_id: test_session_015, result: pass, total_time: 7.861s, processing_time: 6.109s, video_receive_time: 1.674s, file_save_time: 0.039s
2025-08-16 06:57:09,287 - INFO - VIDEO_LIVENESS_REQUEST_START - session_id: test_session_016, challenge_type: head_movement, file_size: 6758513
2025-08-16 06:57:10,223 - INFO - VIDEO_FILE_RECEIVE_COMPLETE - session_id: test_session_016, duration: 0.937s, size: 6758513 bytes
2025-08-16 06:57:10,312 - INFO - VIDEO_PROCESSING_START - session_id: test_session_016, challenge_type: head_movement
2025-08-16 06:57:16,986 - INFO - VIDEO_PROCESSING_COMPLETE - session_id: test_session_016, duration: 6.674s, success: True
2025-08-16 06:57:17,063 - INFO - VIDEO_LIVENESS_COMPLETE - session_id: test_session_016, result: pass, total_time: 7.648s, processing_time: 6.674s, video_receive_time: 0.937s, file_save_time: 0.050s
2025-08-16 06:59:17,287 - INFO - VIDEO_LIVENESS_REQUEST_START - session_id: test_session_017, challenge_type: head_movement, file_size: 9371603
2025-08-16 06:59:18,845 - INFO - VIDEO_FILE_RECEIVE_COMPLETE - session_id: test_session_017, duration: 1.558s, size: 9371603 bytes
2025-08-16 06:59:18,937 - INFO - VIDEO_PROCESSING_START - session_id: test_session_017, challenge_type: head_movement
2025-08-16 06:59:22,672 - INFO - VIDEO_PROCESSING_COMPLETE - session_id: test_session_017, duration: 3.735s, success: False
2025-08-16 06:59:22,738 - WARNING - VIDEO_LIVENESS_FAILED - session_id: test_session_017, total_time: 5.371s, processing_time: 3.735s, error: Video processing failed
2025-08-16 07:00:40,287 - INFO - VIDEO_LIVENESS_REQUEST_START - session_id: test_session_018, challenge_type: head_movement, file_size: 9006934
2025-08-16 07:00:41,018 - INFO - VIDEO_FILE_RECEIVE_COMPLETE - session_id: test_session_018, duration: 0.732s, size: 9006934 bytes
2025-08-16 07:00:41,049 - INFO - VIDEO_PROCESSING_START - session_id: test_session_018, challenge_type: head_movement
2025-08-16 07:00:44,347 - INFO - VIDEO_PROCESSING_COMPLETE - session_id: test_session_018, duration: 3.298s, success: True
2025-08-16 07:00:44,442 - INFO - VIDEO_LIVENESS_COMPLETE - session_id: test_session_018, result: pass, total_time: 4.113s, processing_time: 3.298s, video_receive_time: 0.732s, file_save_time: 0.031s
2025-08-16 07:03:01,287 - INFO - VIDEO_LIVENESS_REQUEST_START - session_id: test_session_019, challenge_type: head_movement, file_size: 10157898
2025-08-16 07:03:01,974 - INFO - VIDEO_FILE_RECEIVE_COMPLETE - session_id: test_session_019, duration: 0.687s, size: 10157898 bytes
2025-08-16 07:03:02,004 - INFO - VIDEO_PROCESSING_START - session_id: test_session_019, challenge_type: head_movement
2025-08-16 07:03:04,456 - INFO - VIDEO_PROCESSING_COMPLETE - session_id: test_session_019, duration: 2.452s, success: True
2025-08-16 07:03:04,485 - INFO - VIDEO_LIVENESS_COMPLETE - session_id: test_session_019, result: pass, total_time: 3.221s, processing_time: 2.452s, video_receive_time: 0.687s, file_save_time: 0.021s
2025-08-16 07:05:08,287 - INFO - VIDEO_LIVENESS_REQUEST_START - session_id: test_session_020, challenge_type: head_movement, file_size: 4713617
2025-08-16 07:05:09,338 - INFO - VIDEO_FILE_RECEIVE_COMPLETE - session_id: test_session_020, duration: 1.051s, size: 4713617 bytes
2025-08-16 07:05:09,363 - INFO - VIDEO_PROCESSING_START - session_id: test_session_020, challenge_type: head_movement
2025-08-16 07:05:17,310 - INFO - VIDEO_PROCESSING_COMPLETE - session_id: test_session_020, duration: 7.947s, success: True
2025-08-16 07:05:17,330 - INFO - VIDEO_LIVENESS_COMPLETE - session_id: test_session_020, result: pass, total_time: 9.083s, processing_time: 7.947s, video_receive_time: 1.051s, file_save_time: 0.043s
2025-08-16 07:07:31,287 - INFO - VIDEO_LIVENESS_REQUEST_START - session_id: test_session_021, challenge_type: head_movement, file_size: 1244157
2025-08-16 07:07:31,765 - INFO - VIDEO_FILE_RECEIVE_COMPLETE - session_id: test_session_021, duration: 0.478s, size: 1244157 bytes
2025-08-16 07:07:31,847 - INFO - VIDEO_PROCESSING_START - session_id: test_session_021, challenge_type: head_movement
2025-08-16 07:07:35,856 - INFO - VIDEO_PROCESSING_COMPLETE - session_id: test_session_021, duration: 4.008s, success: False
2025-08-16 07:07:35,892 - WARNING - VIDEO_LIVENESS_FAILED - session_id: test_session_021, total_time: 4.508s, processing_time: 4.008s, error: Video processing failed
2025-08-16 07:08:33,287 - INFO - VIDEO_LIVENESS_REQUEST_START - session_id: test_session_022, challenge_type: head_movement, file_size: 5791595
2025-08-16 07:08:34,552 - INFO - VIDEO_FILE_RECEIVE_COMPLETE - session_id: test_session_022, duration: 1.266s, size: 5791595 bytes
2025-08-16 07:08:34,573 - INFO - VIDEO_PROCESSING_START - session_id: test_session_022, challenge_type: head_movement
2025-08-16 07:08:36,931 - INFO - VIDEO_PROCESSING_COMPLETE - session_id: test_session_022, duration: 2.358s, success: False
2025-08-16 07:08:36,995 - WARNING - VIDEO_LIVENESS_FAILED - session_id: test_session_022, total_time: 3.661s, processing_time: 2.358s, error: Video processing failed
2025-08-16 07:10:47,287 - INFO - VIDEO_LIVENESS_REQUEST_START - session_id: test_session_023, challenge_type: head_movement, file_size: 10103155
2025-08-16 07:10:48,585 - INFO - VIDEO_FILE_RECEIVE_COMPLETE - session_id: test_session_023, duration: 1.299s, size: 10103155 bytes
2025-08-16 07:10:48,615 - INFO - VIDEO_PROCESSING_START - session_id: test_session_023, challenge_type: head_movement
2025-08-16 07:10:49,863 - INFO - VIDEO_PROCESSING_COMPLETE - session_id: test_session_023, duration: 1.249s, success: True
2025-08-16 07:10:49,952 - INFO - VIDEO_LIVENESS_COMPLETE - session_id: test_session_023, result: pass, total_time: 2.588s, processing_time: 1.249s, video_receive_time: 1.299s, file_save_time: 0.037s
2025-08-16 07:13:04,287 - INFO - VIDEO_LIVENESS_REQUEST_START - session_id: test_session_024, challenge_type: head_movement, file_size: 2534990
2025-08-16 07:13:06,156 - INFO - VIDEO_FILE_RECEIVE_COMPLETE - session_id: test_session_024, duration: 1.869s, size: 2534990 bytes
2025-08-16 07:13:06,183 - INFO - VIDEO_PROCESSING_START - session_id: test_session_024, challenge_type: head_movement
2025-08-16 07:13:10,965 - INFO - VIDEO_PROCESSING_COMPLETE - session_id: test_session_024, duration: 4.781s, success: True
2025-08-16 07:13:11,061 - INFO - VIDEO_LIVENESS_COMPLETE - session_id: test_session_024, result: pass, total_time: 6.672s, processing_time: 4.781s, video_receive_time: 1.869s, file_save_time: 0.041s
2025-08-16 07:15:12,287 - INFO - VIDEO_LIVENESS_REQUEST_START - session_id: test_session_025, challenge_type: head_movement, file_size: 3252915
2025-08-16 07:15:13,617 - INFO - VIDEO_FILE_RECEIVE_COMPLETE - session_id: test_session_025, duration: 1.330s, size: 3252915 bytes
2025-08-16 07:15:13,683 - INFO - VIDEO_PROCESSING_START - session_id: test_session_025, challenge_type: head_movement
2025-08-16 07:15:18,747 - INFO - VIDEO_PROCESSING_COMPLETE - session_id: test_session_025, duration: 5.064s, success: False
2025-08-16 07:15:18,766 - WARNING - VIDEO_LIVENESS_FAILED - session_id: test_session_025, total_time: 6.494s, processing_time: 5.064s, error: Video processing failed
2025-08-16 07:16:50,287 - INFO - VIDEO_LIVENESS_REQUEST_START - session_id: test_session_026, challenge_type: head_movement, file_size: 4560649
2025-08-16 07:16:51,882 - INFO - VIDEO_FILE_RECEIVE_COMPLETE - session_id: test_session_026, duration: 1.595s, size: 4560649 bytes
2025-08-16 07:16:51,964 - INFO - VIDEO_PROCESSING_START - session_id: test_session_026, challenge_type: head_movement
2025-08-16 07:16:55,839 - INFO - VIDEO_PROCESSING_COMPLETE - session_id: test_session_026, duration: 3.875s, success: True
2025-08-16 07:16:55,893 - INFO - VIDEO_LIVENESS_COMPLETE - session_id: test_session_026, result: pass, total_time: 5.532s, processing_time: 3.875s, video_receive_time: 1.595s, file_save_time: 0.026s
2025-08-16 07:18:49,287 - INFO - VIDEO_LIVENESS_REQUEST_START - session_id: test_session_027, challenge_type: head_movement, file_size: 5215842
2025-08-16 07:18:50,692 - INFO - VIDEO_FILE_RECEIVE_COMPLETE - session_id: test_session_027, duration: 1.405s, size: 5215842 bytes
2025-08-16 07:18:50,744 - INFO - VIDEO_PROCESSING_START - session_id: test_session_027, challenge_type: head_movement
2025-08-16 07:18:57,534 - INFO - VIDEO_PROCESSING_COMPLETE - session_id: test_session_027, duration: 6.790s, success: True
2025-08-16 07:18:57,615 - INFO - VIDEO_LIVENESS_COMPLETE - session_id: test_session_027, result: pass, total_time: 8.246s, processing_time: 6.790s, video_receive_time: 1.405s, file_save_time: 0.032s
2025-08-16 07:21:27,287 - INFO - VIDEO_LIVENESS_REQUEST_START - session_id: test_session_028, challenge_type: head_movement, file_size: 5975700
2025-08-16 07:21:28,184 - INFO - VIDEO_FILE_RECEIVE_COMPLETE - session_id: test_session_028, duration: 0.897s, size: 5975700 bytes
2025-08-16 07:21:28,274 - INFO - VIDEO_PROCESSING_START - session_id: test_session_028, challenge_type: head_movement
2025-08-16 07:21:35,437 - INFO - VIDEO_PROCESSING_COMPLETE - session_id: test_session_028, duration: 7.163s, success: True
2025-08-16 07:21:35,511 - INFO - VIDEO_LIVENESS_COMPLETE - session_id: test_session_028, result: pass, total_time: 8.071s, processing_time: 7.163s, video_receive_time: 0.897s, file_save_time: 0.013s
2025-08-16 07:23:20,287 - INFO - VIDEO_LIVENESS_REQUEST_START - session_id: test_session_029, challenge_type: head_movement, file_size: 1446792
2025-08-16 07:23:22,159 - INFO - VIDEO_FILE_RECEIVE_COMPLETE - session_id: test_session_029, duration: 1.872s, size: 1446792 bytes
2025-08-16 07:23:22,178 - INFO - VIDEO_PROCESSING_START - session_id: test_session_029, challenge_type: head_movement
2025-08-16 07:23:29,859 - INFO - VIDEO_PROCESSING_COMPLETE - session_id: test_session_029, duration: 7.681s, success: True
2025-08-16 07:23:29,871 - INFO - VIDEO_LIVENESS_COMPLETE - session_id: test_session_029, result: pass, total_time: 9.643s, processing_time: 7.681s, video_receive_time: 1.872s, file_save_time: 0.039s
2025-08-16 07:25:30,287 - INFO - VIDEO_LIVENESS_REQUEST_START - session_id: test_session_030, challenge_type: head_movement, file_size: 6821938
2025-08-16 07:25:31,004 - INFO - VIDEO_FILE_RECEIVE_COMPLETE - session_id: test_session_030, duration: 0.717s, size: 6821938 bytes
2025-08-16 07:25:31,064 - INFO - VIDEO_PROCESSING_START - session_id: test_session_030, challenge_type: head_movement
2025-08-16 07:25:36,804 - INFO - VIDEO_PROCESSING_COMPLETE - session_id: test_session_030, duration: 5.740s, success: True
2025-08-16 07:25:36,887 - INFO - VIDEO_LIVENESS_COMPLETE - session_id: test_session_030, result: pass, total_time: 6.484s, processing_time: 5.740s, video_receive_time: 0.717s, file_save_time: 0.049s
2025-08-16 07:26:59,287 - INFO - VIDEO_LIVENESS_REQUEST_START - session_id: test_session_031, challenge_type: head_movement, file_size: 7724358
2025-08-16 07:26:59,388 - INFO - VIDEO_FILE_RECEIVE_COMPLETE - session_id: test_session_031, duration: 0.101s, size: 7724358 bytes
2025-08-16 07:26:59,452 - INFO - VIDEO_PROCESSING_START - session_id: test_session_031, challenge_type: head_movement
2025-08-16 07:27:05,472 - INFO - VIDEO_PROCESSING_COMPLETE - session_id: test_session_031, duration: 6.021s, success: True
2025-08-16 07:27:05,556 - INFO - VIDEO_LIVENESS_COMPLETE - session_id: test_session_031, result: pass, total_time: 6.209s, processing_time: 6.021s, video_receive_time: 0.101s, file_save_time: 0.037s
2025-08-16 07:28:46,287 - INFO - VIDEO_LIVENESS_REQUEST_START - session_id: test_session_032, challenge_type: head_movement, file_size: 5285924
2025-08-16 07:28:48,150 - INFO - VIDEO_FILE_RECEIVE_COMPLETE - session_id: test_session_032, duration: 1.863s, size: 5285924 bytes
2025-08-16 07:28:48,192 - INFO - VIDEO_PROCESSING_START - session_id: test_session_032, challenge_type: head_movement
2025-08-16 07:28:52,231 - INFO - VIDEO_PROCESSING_COMPLETE - session_id: test_session_032, duration: 4.038s, success: True
2025-08-16 07:28:52,295 - INFO - VIDEO_LIVENESS_COMPLETE - session_id: test_session_032, result: pass, total_time: 5.935s, processing_time: 4.038s, video_receive_time: 1.863s, file_save_time: 0.029s
2025-08-16 07:31:11,287 - INFO - VIDEO_LIVENESS_REQUEST_START - session_id: test_session_033, challenge_type: head_movement, file_size: 6503048
2025-08-16 07:31:13,225 - INFO - VIDEO_FILE_RECEIVE_COMPLETE - session_id: test_session_033, duration: 1.938s, size: 6503048 bytes
2025-08-16 07:31:13,301 - INFO - VIDEO_PROCESSING_START - session_id: test_session_033, challenge_type: head_movement
2025-08-16 07:31:18,121 - INFO - VIDEO_PROCESSING_COMPLETE - session_id: test_session_033, duration: 4.820s, success: True
2025-08-16 07:31:18,198 - INFO - VIDEO_LIVENESS_COMPLETE - session_id: test_session_033, result: pass, total_time: 6.840s, processing_time: 4.820s, video_receive_time: 1.938s, file_save_time: 0.045s
2025-08-16 07:32:43,287 - INFO - VIDEO_LIVENESS_REQUEST_START - session_id: test_session_034, challenge_type: head_movement, file_size: 9563005
2025-08-16 07:32:44,792 - INFO - VIDEO_FILE_RECEIVE_COMPLETE - session_id: test_session_034, duration: 1.506s, size: 9563005 bytes
2025-08-16 07:32:44,886 - INFO - VIDEO_PROCESSING_START - session_id: test_session_034, challenge_type: head_movement
2025-08-16 07:32:52,141 - INFO - VIDEO_PROCESSING_COMPLETE - session_id: test_session_034, duration: 7.254s, success: True
2025-08-16 07:32:52,199 - INFO - VIDEO_LIVENESS_COMPLETE - session_id: test_session_034, result: pass, total_time: 8.804s, processing_time: 7.254s, video_receive_time: 1.506s, file_save_time: 0.049s
2025-08-16 07:34:51,287 - INFO - VIDEO_LIVENESS_REQUEST_START - session_id: test_session_035, challenge_type: head_movement, file_size: 7628651
2025-08-16 07:34:51,690 - INFO - VIDEO_FILE_RECEIVE_COMPLETE - session_id: test_session_035, duration: 0.403s, size: 7628651 bytes
2025-08-16 07:34:51,716 - INFO - VIDEO_PROCESSING_START - session_id: test_session_035, challenge_type: head_movement
2025-08-16 07:34:55,428 - INFO - VIDEO_PROCESSING_COMPLETE - session_id: test_session_035, duration: 3.712s, success: True
2025-08-16 07:34:55,440 - INFO - VIDEO_LIVENESS_COMPLETE - session_id: test_session_035, result: pass, total_time: 4.147s, processing_time: 3.712s, video_receive_time: 0.403s, file_save_time: 0.021s
2025-08-16 07:37:26,287 - INFO - VIDEO_LIVENESS_REQUEST_START - session_id: test_session_036, challenge_type: head_movement, file_size: 4497861
2025-08-16 07:37:27,016 - INFO - VIDEO_FILE_RECEIVE_COMPLETE - session_id: test_session_036, duration: 0.729s, size: 4497861 bytes
2025-08-16 07:37:27,099 - INFO - VIDEO_PROCESSING_START - session_id: test_session_036, challenge_type: head_movement
2025-08-16 07:37:28,375 - INFO - VIDEO_PROCESSING_COMPLETE - session_id: test_session_036, duration: 1.276s, success: True
2025-08-16 07:37:28,403 - INFO - VIDEO_LIVENESS_COMPLETE - session_id: test_session_036, result: pass, total_time: 2.059s, processing_time: 1.276s, video_receive_time: 0.729s, file_save_time: 0.042s
2025-08-16 07:38:55,287 - INFO - VIDEO_LIVENESS_REQUEST_START - session_id: test_session_037, challenge_type: head_movement, file_size: 2937910
2025-08-16 07:38:56,029 - INFO - VIDEO_FILE_RECEIVE_COMPLETE - session_id: test_session_037, duration: 0.742s, size: 2937910 bytes
2025-08-16 07:38:56,112 - INFO - VIDEO_PROCESSING_START - session_id: test_session_037, challenge_type: head_movement
2025-08-16 07:38:57,460 - INFO - VIDEO_PROCESSING_COMPLETE - session_id: test_session_037, duration: 1.348s, success: True
2025-08-16 07:38:57,555 - INFO - VIDEO_LIVENESS_COMPLETE - session_id: test_session_037, result: pass, total_time: 2.175s, processing_time: 1.348s, video_receive_time: 0.742s, file_save_time: 0.026s
2025-08-16 07:41:18,287 - INFO - VIDEO_LIVENESS_REQUEST_START - session_id: test_session_038, challenge_type: head_movement, file_size: 2794349
2025-08-16 07:41:19,598 - INFO - VIDEO_FILE_RECEIVE_COMPLETE - session_id: test_session_038, duration: 1.312s, size: 2794349 bytes
2025-08-16 07:41:19,691 - INFO - VIDEO_PROCESSING_START - session_id: test_session_038, challenge_type: head_movement
2025-08-16 07:41:23,928 - INFO - VIDEO_PROCESSING_COMPLETE - session_id: test_session_038, duration: 4.236s, success: True
2025-08-16 07:41:23,992 - INFO - VIDEO_LIVENESS_COMPLETE - session_id: test_session_038, result: pass, total_time: 5.592s, processing_time: 4.236s, video_receive_time: 1.312s, file_save_time: 0.046s
2025-08-16 07:42:46,287 - INFO - VIDEO_LIVENESS_REQUEST_START - session_id: test_session_039, challenge_type: head_movement, file_size: 7515716
2025-08-16 07:42:46,958 - INFO - VIDEO_FILE_RECEIVE_COMPLETE - session_id: test_session_039, duration: 0.671s, size: 7515716 bytes
2025-08-16 07:42:47,035 - INFO - VIDEO_PROCESSING_START - session_id: test_session_039, challenge_type: head_movement
2025-08-16 07:42:50,032 - INFO - VIDEO_PROCESSING_COMPLETE - session_id: test_session_039, duration: 2.997s, success: True
2025-08-16 07:42:50,084 - INFO - VIDEO_LIVENESS_COMPLETE - session_id: test_session_039, result: pass, total_time: 3.728s, processing_time: 2.997s, video_receive_time: 0.671s, file_save_time: 0.046s
2025-08-16 07:45:03,287 - INFO - VIDEO_LIVENESS_REQUEST_START - session_id: test_session_040, challenge_type: head_movement, file_size: 10026479
2025-08-16 07:45:04,416 - INFO - VIDEO_FILE_RECEIVE_COMPLETE - session_id: test_session_040, duration: 1.130s, size: 10026479 bytes
2025-08-16 07:45:04,509 - INFO - VIDEO_PROCESSING_START - session_id: test_session_040, challenge_type: head_movement
2025-08-16 07:45:10,434 - INFO - VIDEO_PROCESSING_COMPLETE - session_id: test_session_040, duration: 5.926s, success: True
2025-08-16 07:45:10,521 - INFO - VIDEO_LIVENESS_COMPLETE - session_id: test_session_040, result: pass, total_time: 7.096s, processing_time: 5.926s, video_receive_time: 1.130s, file_save_time: 0.014s
2025-08-16 07:47:13,287 - INFO - VIDEO_LIVENESS_REQUEST_START - session_id: test_session_041, challenge_type: head_movement, file_size: 6058247
2025-08-16 07:47:15,058 - INFO - VIDEO_FILE_RECEIVE_COMPLETE - session_id: test_session_041, duration: 1.772s, size: 6058247 bytes
2025-08-16 07:47:15,119 - INFO - VIDEO_PROCESSING_START - session_id: test_session_041, challenge_type: head_movement
2025-08-16 07:47:16,267 - INFO - VIDEO_PROCESSING_COMPLETE - session_id: test_session_041, duration: 1.147s, success: True
2025-08-16 07:47:16,304 - INFO - VIDEO_LIVENESS_COMPLETE - session_id: test_session_041, result: pass, total_time: 2.964s, processing_time: 1.147s, video_receive_time: 1.772s, file_save_time: 0.014s
2025-08-16 07:48:56,287 - INFO - VIDEO_LIVENESS_REQUEST_START - session_id: test_session_042, challenge_type: head_movement, file_size: 4317937
2025-08-16 07:48:57,770 - INFO - VIDEO_FILE_RECEIVE_COMPLETE - session_id: test_session_042, duration: 1.483s, size: 4317937 bytes
2025-08-16 07:48:57,792 - INFO - VIDEO_PROCESSING_START - session_id: test_session_042, challenge_type: head_movement
2025-08-16 07:48:59,651 - INFO - VIDEO_PROCESSING_COMPLETE - session_id: test_session_042, duration: 1.859s, success: True
2025-08-16 07:48:59,700 - INFO - VIDEO_LIVENESS_COMPLETE - session_id: test_session_042, result: pass, total_time: 3.407s, processing_time: 1.859s, video_receive_time: 1.483s, file_save_time: 0.044s
2025-08-16 07:51:21,287 - INFO - VIDEO_LIVENESS_REQUEST_START - session_id: test_session_043, challenge_type: head_movement, file_size: 2787652
2025-08-16 07:51:22,503 - INFO - VIDEO_FILE_RECEIVE_COMPLETE - session_id: test_session_043, duration: 1.217s, size: 2787652 bytes
2025-08-16 07:51:22,558 - INFO - VIDEO_PROCESSING_START - session_id: test_session_043, challenge_type: head_movement
2025-08-16 07:51:23,562 - INFO - VIDEO_PROCESSING_COMPLETE - session_id: test_session_043, duration: 1.004s, success: True
2025-08-16 07:51:23,630 - INFO - VIDEO_LIVENESS_COMPLETE - session_id: test_session_043, result: pass, total_time: 2.284s, processing_time: 1.004s, video_receive_time: 1.217s, file_save_time: 0.041s
2025-08-16 07:52:36,287 - INFO - VIDEO_LIVENESS_REQUEST_START - session_id: test_session_044, challenge_type: head_movement, file_size: 9170390
2025-08-16 07:52:36,982 - INFO - VIDEO_FILE_RECEIVE_COMPLETE - session_id: test_session_044, duration: 0.695s, size: 9170390 bytes
2025-08-16 07:52:37,071 - INFO - VIDEO_PROCESSING_START - session_id: test_session_044, challenge_type: head_movement
2025-08-16 07:52:44,878 - INFO - VIDEO_PROCESSING_COMPLETE - session_id: test_session_044, duration: 7.807s, success: True
2025-08-16 07:52:44,915 - INFO - VIDEO_LIVENESS_COMPLETE - session_id: test_session_044, result: pass, total_time: 8.564s, processing_time: 7.807s, video_receive_time: 0.695s, file_save_time: 0.024s
2025-08-16 07:55:06,287 - INFO - VIDEO_LIVENESS_REQUEST_START - session_id: test_session_045, challenge_type: head_movement, file_size: 4512820
2025-08-16 07:55:06,794 - INFO - VIDEO_FILE_RECEIVE_COMPLETE - session_id: test_session_045, duration: 0.508s, size: 4512820 bytes
2025-08-16 07:55:06,880 - INFO - VIDEO_PROCESSING_START - session_id: test_session_045, challenge_type: head_movement
2025-08-16 07:55:11,478 - INFO - VIDEO_PROCESSING_COMPLETE - session_id: test_session_045, duration: 4.598s, success: True
2025-08-16 07:55:11,540 - INFO - VIDEO_LIVENESS_COMPLETE - session_id: test_session_045, result: pass, total_time: 5.120s, processing_time: 4.598s, video_receive_time: 0.508s, file_save_time: 0.017s
2025-08-16 07:57:02,287 - INFO - VIDEO_LIVENESS_REQUEST_START - session_id: test_session_046, challenge_type: head_movement, file_size: 3522479
2025-08-16 07:57:03,726 - INFO - VIDEO_FILE_RECEIVE_COMPLETE - session_id: test_session_046, duration: 1.439s, size: 3522479 bytes
2025-08-16 07:57:03,765 - INFO - VIDEO_PROCESSING_START - session_id: test_session_046, challenge_type: head_movement
2025-08-16 07:57:08,290 - INFO - VIDEO_PROCESSING_COMPLETE - session_id: test_session_046, duration: 4.525s, success: True
2025-08-16 07:57:08,325 - INFO - VIDEO_LIVENESS_COMPLETE - session_id: test_session_046, result: pass, total_time: 6.006s, processing_time: 4.525s, video_receive_time: 1.439s, file_save_time: 0.011s
2025-08-16 07:58:56,287 - INFO - VIDEO_LIVENESS_REQUEST_START - session_id: test_session_047, challenge_type: head_movement, file_size: 2148753
2025-08-16 07:58:57,192 - INFO - VIDEO_FILE_RECEIVE_COMPLETE - session_id: test_session_047, duration: 0.905s, size: 2148753 bytes
2025-08-16 07:58:57,282 - INFO - VIDEO_PROCESSING_START - session_id: test_session_047, challenge_type: head_movement
2025-08-16 07:59:02,362 - INFO - VIDEO_PROCESSING_COMPLETE - session_id: test_session_047, duration: 5.080s, success: True
2025-08-16 07:59:02,380 - INFO - VIDEO_LIVENESS_COMPLETE - session_id: test_session_047, result: pass, total_time: 6.063s, processing_time: 5.080s, video_receive_time: 0.905s, file_save_time: 0.028s
2025-08-16 08:00:34,287 - INFO - VIDEO_LIVENESS_REQUEST_START - session_id: test_session_048, challenge_type: head_movement, file_size: 8289415
2025-08-16 08:00:35,997 - INFO - VIDEO_FILE_RECEIVE_COMPLETE - session_id: test_session_048, duration: 1.711s, size: 8289415 bytes
2025-08-16 08:00:36,064 - INFO - VIDEO_PROCESSING_START - session_id: test_session_048, challenge_type: head_movement
2025-08-16 08:00:40,571 - INFO - VIDEO_PROCESSING_COMPLETE - session_id: test_session_048, duration: 4.507s, success: True
2025-08-16 08:00:40,623 - INFO - VIDEO_LIVENESS_COMPLETE - session_id: test_session_048, result: pass, total_time: 6.232s, processing_time: 4.507s, video_receive_time: 1.711s, file_save_time: 0.024s
2025-08-16 08:03:16,287 - INFO - VIDEO_LIVENESS_REQUEST_START - session_id: test_session_049, challenge_type: head_movement, file_size: 2310604
2025-08-16 08:03:17,623 - INFO - VIDEO_FILE_RECEIVE_COMPLETE - session_id: test_session_049, duration: 1.337s, size: 2310604 bytes
2025-08-16 08:03:17,689 - INFO - VIDEO_PROCESSING_START - session_id: test_session_049, challenge_type: head_movement
2025-08-16 08:03:20,254 - INFO - VIDEO_PROCESSING_COMPLETE - session_id: test_session_049, duration: 2.565s, success: True
2025-08-16 08:03:20,312 - INFO - VIDEO_LIVENESS_COMPLETE - session_id: test_session_049, result: pass, total_time: 3.945s, processing_time: 2.565s, video_receive_time: 1.337s, file_save_time: 0.012s
